HMMER3/f [3.3.2 | Nov 2020]
NAME  clust
LENG  150
ALPH  amino
RF    no
MM    no
CONS  yes
CS    no
MAP   yes
DATE  Sat Nov 28 16:06:26 2020
NSEQ  13
EFFN  2.256592
CKSUM 3789988437
STATS LOCAL MSV       -9.8632  0.70941
STATS LOCAL VITERBI  -10.6032  0.70941
STATS LOCAL FORWARD   -4.0467  0.70941
HMM          A        C        D        E        F        G        H        I        K        L        M        N        P        Q        R        S        T        V        W        Y   
            m->m     m->i     m->d     i->m     i->i     d->m     d->d
  COMPO   2.25539  4.75924  2.99774  2.62315  3.12522  2.88005  3.48623  2.87237  2.52443  2.45015  3.65606  3.14720  3.54865  3.09417  3.20394  2.66454  2.91413  2.65352  4.52276  3.82279
          2.68622  4.42229  2.77523  2.73127  3.46357  2.40475  3.72498  3.29358  2.67744  2.69358  4.24693  2.90350  2.73743  3.18150  2.89804  2.37890  2.77523  2.98522  4.58481  3.61507
          0.36617  2.03840  1.73511  0.22406  1.60577  0.00000        *
      1   1.69332  4.43773  3.93960  3.56186  4.59357  1.19438  4.56038  4.00080  3.56482  3.69145  4.50592  3.66273  3.99639  3.83495  3.87829  1.93453  2.98939  2.84870  5.94246  4.74541      2 g - - -
          2.68618  4.42225  2.77519  2.73123  3.46354  2.40513  3.72494  3.29354  2.67741  2.69355  4.24690  2.90347  2.73739  3.18146  2.89801  2.37887  2.77519  2.98518  4.58477  3.61503
          0.01626  4.52271  5.24506  0.61958  0.77255  0.49174  0.94562
      2   4.14985  5.41727  5.42565  5.12553  3.63229  4.95770  5.56467  2.91853  4.90460  0.30083  3.51162  5.34362  5.29900  5.06865  4.93141  4.72470  4.42575  3.14177  5.71703  4.60092      3 L - - -
          2.68618  4.42225  2.77519  2.73123  3.46354  2.40513  3.72494  3.29354  2.67741  2.69355  4.24690  2.90347  2.73739  3.18146  2.89801  2.37887  2.77519  2.98518  4.58477  3.61503
          0.01444  4.64046  5.36280  0.61958  0.77255  0.62104  0.77086
      3   2.60966  4.54909  4.04918  3.80886  4.89207  3.32254  4.82435  4.31130  3.84010  4.02265  4.84073  3.83052  4.11695  4.11947  4.10214  0.66517  1.92930  3.67572  6.23319  5.04697      4 S - - -
          2.68618  4.42225  2.77519  2.73123  3.46354  2.40513  3.72494  3.29354  2.67741  2.69355  4.24690  2.90347  2.73739  3.18146  2.89801  2.37887  2.77519  2.98518  4.58477  3.61503
          0.01444  4.64046  5.36280  0.61958  0.77255  0.62104  0.77086
      4   1.43609  5.65404  1.66431  1.72299  4.98972  3.55447  4.01525  4.48596  2.94782  3.98646  4.79476  3.02817  4.12146  3.16072  3.51066  3.04261  3.40086  4.05316  6.14705  4.67477      5 a - - -
          2.68618  4.42225  2.77519  2.73123  3.46354  2.40513  3.72494  3.29354  2.67741  2.69355  4.24690  2.90347  2.73739  3.18146  2.89801  2.37887  2.77519  2.98518  4.58477  3.61503
          0.01444  4.64046  5.36280  0.61958  0.77255  0.40961  1.09038
      5   1.51517  5.07889  2.01119  2.74848  4.79880  2.06565  4.10701  4.26997  2.96807  3.82026  4.60185  3.23808  4.08027  3.25461  3.45594  2.08069  3.18952  3.78296  5.99561  4.62543      6 a - - -
          2.68618  4.42225  2.77519  2.73123  3.46354  2.40513  3.72494  3.29354  2.67741  2.69355  4.24690  2.90347  2.73739  3.18146  2.89801  2.37887  2.77519  2.98518  4.58477  3.61503
          0.01345  4.71147  5.43382  0.61958  0.77255  0.48576  0.95510
      6   3.22571  5.83783  2.16059  1.31333  5.14041  3.60678  4.05969  4.66483  2.98426  4.12513  4.93148  3.05580  4.17903  1.39232  3.54520  3.11845  3.49394  4.21492  6.26093  4.76721      7 e - - -
          2.68618  4.42225  2.77519  2.73123  3.46354  2.40513  3.72494  3.29354  2.67741  2.69355  4.24690  2.90347  2.73739  3.18146  2.89801  2.37887  2.77519  2.98518  4.58477  3.61503
          0.01345  4.71147  5.43382  0.61958  0.77255  0.48576  0.95510
      7   1.89060  4.29943  4.16615  3.58286  2.75419  3.88002  4.16173  2.22235  3.46048  2.47559  3.40550  3.82285  4.25071  3.70512  2.54104  3.16227  3.02926  2.54836  2.29308  3.65650      8 a - - -
          2.68618  4.42225  2.77519  2.73123  3.46354  2.40513  3.72494  3.29354  2.67741  2.69355  4.24690  2.90347  2.73739  3.18146  2.89801  2.37887  2.77519  2.98518  4.58477  3.61503
          0.01345  4.71147  5.43382  0.61958  0.77255  0.48576  0.95510
      8   2.24288  5.33571  2.16224  2.33828  4.67035  3.55166  3.36112  4.15589  2.53815  3.63676  4.38333  2.68546  3.97154  1.91355  3.03792  2.28427  3.06396  3.72157  5.77181  4.35538      9 q - - -
          2.68618  4.42225  2.77519  2.73123  3.46354  2.40513  3.72494  3.29354  2.67741  2.69355  4.24690  2.90347  2.73739  3.18146  2.89801  2.37887  2.77519  2.98518  4.58477  3.61503
          0.01345  4.71147  5.43382  0.61958  0.77255  0.48576  0.95510
      9   2.40545  4.35759  3.94958  3.37662  3.47486  3.82518  3.29878  2.81575  3.28586  1.49177  3.46778  3.69065  4.20277  3.23683  3.55519  3.09571  2.38894  2.07756  4.96179  3.75404     10 l - - -
          2.68618  4.42225  2.77519  2.73123  3.46354  2.40513  3.72494  3.29354  2.67741  2.69355  4.24690  2.90347  2.73739  3.18146  2.89801  2.37887  2.77519  2.98518  4.58477  3.61503
          0.01345  4.71147  5.43382  0.61958  0.77255  0.48576  0.95510
     10   2.41509  4.69218  5.29756  4.81745  4.09564  4.74782  5.48524  1.76330  4.72508  2.67309  3.89187  4.94487  5.11345  4.98183  4.89682  4.15236  3.66797  0.67418  6.00246  4.78456     11 V - - -
          2.68618  4.42225  2.77519  2.73123  3.46354  2.40513  3.72494  3.29354  2.67741  2.69355  4.24690  2.90347  2.73739  3.18146  2.89801  2.37887  2.77519  2.98518  4.58477  3.61503
          0.01345  4.71147  5.43382  0.61958  0.77255  0.48576  0.95510
     11   2.21333  4.94435  3.23929  2.69191  4.18360  2.78110  3.84809  3.58569  2.11759  1.87029  4.03235  3.19616  4.03655  2.41015  3.04474  2.86559  3.04573  3.27917  5.45960  4.14779     12 l - - -
          2.68618  4.42225  2.77519  2.73123  3.46354  2.40513  3.72494  3.29354  2.67741  2.69355  4.24690  2.90347  2.73739  3.18146  2.89801  2.37887  2.77519  2.98518  4.58477  3.61503
          0.01345  4.71147  5.43382  0.61958  0.77255  0.48576  0.95510
     12   2.09574  5.22614  3.03430  2.50546  4.56434  3.05669  3.36106  4.03130  1.88627  3.53836  4.29570  2.42665  3.96362  2.87613  2.99158  2.02798  3.02774  3.61900  5.69174  4.29997     13 k - - -
          2.68618  4.42225  2.77519  2.73123  3.46354  2.40513  3.72494  3.29354  2.67741  2.69355  4.24690  2.90347  2.73739  3.18146  2.89801  2.37887  2.77519  2.98518  4.58477  3.61503
          0.01345  4.71147  5.43382  0.61958  0.77255  0.48576  0.95510
     13   2.78186  3.08479  4.20461  3.64469  3.55335  3.80938  4.28623  2.44341  3.54558  2.61540  3.54491  3.85972  4.25868  3.78763  3.76834  1.63677  2.11143  1.93055  5.06137  3.86432     14 s - - -
          2.68618  4.42225  2.77519  2.73123  3.46354  2.40513  3.72494  3.29354  2.67741  2.69355  4.24690  2.90347  2.73739  3.18146  2.89801  2.37887  2.77519  2.98518  4.58477  3.61503
          0.01345  4.71147  5.43382  0.61958  0.77255  0.48576  0.95510
     14   4.54088  5.59949  5.50014  5.34662  1.73430  5.09738  4.01494  4.07987  5.10934  3.24935  4.61890  4.80157  5.40389  4.92221  4.99061  4.57416  4.76406  4.07471  0.60173  2.36458     15 W - - -
          2.68618  4.42225  2.77519  2.73123  3.46354  2.40513  3.72494  3.29354  2.67741  2.69355  4.24690  2.90347  2.73739  3.18146  2.89801  2.37887  2.77519  2.98518  4.58477  3.61503
          0.01345  4.71147  5.43382  0.61958  0.77255  0.48576  0.95510
     15   2.04789  5.40018  2.29079  1.99273  4.73207  2.14366  3.82825  4.21929  2.06338  3.70264  4.45879  3.02915  4.00870  2.93916  3.11956  2.84149  3.13163  3.78657  5.84180  4.41820     16 e - - -
          2.68618  4.42225  2.77519  2.73123  3.46354  2.40513  3.72494  3.29354  2.67741  2.69355  4.24690  2.90347  2.73739  3.18146  2.89801  2.37887  2.77519  2.98518  4.58477  3.61503
          0.01345  4.71147  5.43382  0.61958  0.77255  0.48576  0.95510
     16   2.96641  5.50055  2.12804  1.96138  4.83226  3.57887  3.87447  4.32572  1.51183  3.79764  4.56044  3.03923  2.38684  2.98985  3.17262  2.90444  3.20990  3.88708  5.92905  4.49593     17 k - - -
          2.68618  4.42225  2.77519  2.73123  3.46354  2.40513  3.72494  3.29354  2.67741  2.69355  4.24690  2.90347  2.73739  3.18146  2.89801  2.37887  2.77519  2.98518  4.58477  3.61503
          0.01345  4.71147  5.43382  0.61958  0.77255  0.48576  0.95510
     17   3.46385  4.71701  5.45111  4.92726  2.34638  4.89247  5.35594  1.60976  4.81066  2.36360  3.64756  5.03062  5.14753  4.96694  4.89860  4.26986  3.71035  0.83891  5.70215  4.48169     18 v - - -
          2.68618  4.42225  2.77519  2.73123  3.46354  2.40513  3.72494  3.29354  2.67741  2.69355  4.24690  2.90347  2.73739  3.18146  2.89801  2.37887  2.77519  2.98518  4.58477  3.61503
          0.01345  4.71147  5.43382  0.61958  0.77255  0.48576  0.95510
     18   2.22870  5.20298  3.02802  1.66680  3.10168  3.56697  3.77453  3.96391  2.13567  3.49076  4.25992  2.38101  3.97139  2.88947  3.01280  2.78135  3.03297  3.57225  5.66153  4.27642     19 e - - -
          2.68618  4.42225  2.77519  2.73123  3.46354  2.40513  3.72494  3.29354  2.67741  2.69355  4.24690  2.90347  2.73739  3.18146  2.89801  2.37887  2.77519  2.98518  4.58477  3.61503
          0.01345  4.71147  5.43382  0.61958  0.77255  0.48576  0.95510
     19   0.93466  4.57840  4.09583  3.76666  4.88351  1.56420  4.78292  4.32101  3.79870  3.99106  4.78652  3.82812  2.92007  4.05556  4.10193  2.81411  2.70988  3.69166  6.21255  5.02837     20 a - - -
          2.68618  4.42225  2.77519  2.73123  3.46354  2.40513  3.72494  3.29354  2.67741  2.69355  4.24690  2.90347  2.73739  3.18146  2.89801  2.37887  2.77519  2.98518  4.58477  3.61503
          0.01345  4.71147  5.43382  0.61958  0.77255  0.48576  0.95510
     20   2.52612  5.63755  1.19554  2.51541  5.06243  3.57958  4.07973  4.57330  3.01736  4.06416  4.86691  1.76397  4.16041  3.22599  3.58029  2.47694  3.43357  4.11452  6.21688  4.74521     21 d - - -
          2.68626  4.42233  2.77465  2.73131  3.46361  2.40520  3.72502  3.29362  2.67748  2.69362  4.24697  2.90283  2.73747  3.18154  2.89808  2.37894  2.77527  2.98526  4.58485  3.61511
          0.27760  2.00564  2.22721  0.67270  0.71403  0.48576  0.95510
     21   2.74105  4.29367  3.96231  3.38462  3.40544  2.57024  4.08326  1.87755  2.57071  2.13781  3.40322  3.68237  4.17274  3.55424  3.54459  3.07156  2.97311  2.26066  4.89868  2.91027     24 i - - -
          2.68618  4.42225  2.77519  2.73123  3.46354  2.40513  3.72494  3.29354  2.67741  2.69355  4.24690  2.90347  2.73739  3.18146  2.89801  2.37887  2.77519  2.98518  4.58477  3.61503
          0.01501  4.60225  5.32460  0.61958  0.77255  0.68348  0.70291
     22   1.57238  4.77118  3.34377  2.86933  4.47357  3.42665  4.06074  3.90743  2.89671  3.51213  4.31083  2.41447  2.11543  3.22731  3.33561  2.38286  2.42691  3.46815  5.73285  4.42405     25 a - - -
          2.68618  4.42225  2.77519  2.73123  3.46354  2.40513  3.72494  3.29354  2.67741  2.69355  4.24690  2.90347  2.73739  3.18146  2.89801  2.37887  2.77519  2.98518  4.58477  3.61503
          0.01501  4.60225  5.32460  0.61958  0.77255  0.68348  0.70291
     23   1.94699  4.86365  3.26839  2.79633  4.46732  1.64475  3.99110  3.88934  2.04795  3.48645  4.29068  3.25044  4.00846  3.14909  3.19274  2.79435  2.46493  3.47830  5.70020  4.38620     26 g - - -
          2.68618  4.42225  2.77519  2.73123  3.46354  2.40513  3.72494  3.29354  2.67741  2.69355  4.24690  2.90347  2.73739  3.18146  2.89801  2.37887  2.77519  2.98518  4.58477  3.61503
          0.01501  4.60225  5.32460  0.61958  0.77255  0.68348  0.70291
     24   2.77415  4.62324  3.45105  2.90725  3.74393  3.68295  1.78466  3.14552  2.83731  2.84065  2.92341  2.59788  4.07788  3.19253  3.21449  2.93182  3.01032  2.21353  5.15881  3.87510     27 h - - -
          2.68618  4.42225  2.77519  2.73123  3.46354  2.40513  3.72494  3.29354  2.67741  2.69355  4.24690  2.90347  2.73739  3.18146  2.89801  2.37887  2.77519  2.98518  4.58477  3.61503
          0.01501  4.60225  5.32460  0.61958  0.77255  0.37942  1.15282
     25   2.68377  4.64240  3.92770  3.68213  4.95772  0.85305  4.78371  4.40302  3.78687  4.06702  4.86829  3.80268  2.34440  4.05111  4.09579  2.86073  2.00118  3.76432  6.26918  5.07787     28 g - - -
          2.68618  4.42225  2.77519  2.73123  3.46354  2.40513  3.72494  3.29354  2.67741  2.69355  4.24690  2.90347  2.73739  3.18146  2.89801  2.37887  2.77519  2.98518  4.58477  3.61503
          0.01345  4.71147  5.43382  0.61958  0.77255  0.48576  0.95510
     26   2.78472  5.12983  3.10106  2.41626  4.41702  2.94290  2.70250  3.85961  2.06909  2.71622  4.18765  3.07756  3.97252  2.08259  2.98190  2.78071  3.01456  2.68752  5.59563  4.23008     29 k - - -
          2.68618  4.42225  2.77519  2.73123  3.46354  2.40513  3.72494  3.29354  2.67741  2.69355  4.24690  2.90347  2.73739  3.18146  2.89801  2.37887  2.77519  2.98518  4.58477  3.61503
          0.01345  4.71147  5.43382  0.61958  0.77255  0.48576  0.95510
     27   2.78256  5.27358  2.37460  1.80621  4.61033  2.72087  3.74198  4.09023  2.24473  2.94558  4.31766  3.01827  3.94648  2.84234  2.35663  2.74718  2.81852  3.65998  5.70990  4.30393     30 e - - -
          2.68618  4.42225  2.77519  2.73123  3.46354  2.40513  3.72494  3.29354  2.67741  2.69355  4.24690  2.90347  2.73739  3.18146  2.89801  2.37887  2.77519  2.98518  4.58477  3.61503
          0.01345  4.71147  5.43382  0.61958  0.77255  0.48576  0.95510
     28   3.10214  2.55196  5.06136  4.48363  1.96404  4.36930  4.75957  1.73337  4.31072  2.39716  3.49565  4.51999  4.69965  4.46081  4.35740  3.70301  3.34200  1.35084  5.22101  4.03072     31 v - - -
          2.68618  4.42225  2.77519  2.73123  3.46354  2.40513  3.72494  3.29354  2.67741  2.69355  4.24690  2.90347  2.73739  3.18146  2.89801  2.37887  2.77519  2.98518  4.58477  3.61503
          0.01345  4.71147  5.43382  0.61958  0.77255  0.48576  0.95510
     29   3.97699  5.19280  5.82817  5.26429  1.71051  5.30552  5.40492  2.24418  5.12005  0.69217  3.15330  5.41393  5.34487  4.97538  5.06068  4.69058  4.17698  2.86928  5.42735  4.26675     32 L - - -
          2.68618  4.42225  2.77519  2.73123  3.46354  2.40513  3.72494  3.29354  2.67741  2.69355  4.24690  2.90347  2.73739  3.18146  2.89801  2.37887  2.77519  2.98518  4.58477  3.61503
          0.01345  4.71147  5.43382  0.61958  0.77255  0.48576  0.95510
     30   2.96594  4.35415  4.69728  4.11697  3.47985  4.15688  4.51238  1.29051  3.96354  2.44446  3.46297  4.23439  4.51144  4.15621  4.07562  3.47107  2.25423  1.77788  5.07510  2.64311     33 i - - -
          2.68618  4.42225  2.77519  2.73123  3.46354  2.40513  3.72494  3.29354  2.67741  2.69355  4.24690  2.90347  2.73739  3.18146  2.89801  2.37887  2.77519  2.98518  4.58477  3.61503
          0.01345  4.71147  5.43382  0.61958  0.77255  0.48576  0.95510
     31   1.96404  5.14754  3.45504  2.84012  4.44856  3.77673  3.87575  3.82901  1.91724  2.40868  4.23096  3.31428  4.15351  3.02222  1.61427  3.02941  3.20901  3.51550  5.58757  4.31799     34 r - - -
          2.68618  4.42225  2.77519  2.73123  3.46354  2.40513  3.72494  3.29354  2.67741  2.69355  4.24690  2.90347  2.73739  3.18146  2.89801  2.37887  2.77519  2.98518  4.58477  3.61503
          0.01345  4.71147  5.43382  0.61958  0.77255  0.48576  0.95510
     32   3.63026  4.90429  5.51053  4.94284  2.18516  4.93102  5.19799  2.47460  4.79152  0.92534  3.25220  5.05633  5.11277  4.79345  4.79771  4.29022  3.85198  1.51631  5.40346  4.25274     35 l - - -
          2.68618  4.42225  2.77519  2.73123  3.46354  2.40513  3.72494  3.29354  2.67741  2.69355  4.24690  2.90347  2.73739  3.18146  2.89801  2.37887  2.77519  2.98518  4.58477  3.61503
          0.01345  4.71147  5.43382  0.61958  0.77255  0.48576  0.95510
     33   4.09246  5.29926  5.65252  5.23006  0.91651  5.20067  4.78309  2.88097  5.05698  1.12905  3.40756  5.16397  5.34527  4.93543  5.00346  4.61830  4.30588  3.10898  4.85635  3.30864     36 f - - -
          2.68618  4.42225  2.77519  2.73123  3.46354  2.40513  3.72494  3.29354  2.67741  2.69355  4.24690  2.90347  2.73739  3.18146  2.89801  2.37887  2.77519  2.98518  4.58477  3.61503
          0.01345  4.71147  5.43382  0.61958  0.77255  0.48576  0.95510
     34   2.84170  5.31677  3.01595  1.80526  4.66019  3.58022  3.77603  4.13258  1.63373  3.61423  4.36745  3.05219  3.98770  2.58268  2.94950  2.21023  2.68525  3.70853  5.74507  4.35085     37 k - - -
          2.68618  4.42225  2.77519  2.73123  3.46354  2.40513  3.72494  3.29354  2.67741  2.69355  4.24690  2.90347  2.73739  3.18146  2.89801  2.37887  2.77519  2.98518  4.58477  3.61503
          0.01345  4.71147  5.43382  0.61958  0.77255  0.48576  0.95510
     35   1.91781  4.90166  3.21444  2.35148  4.12446  2.70409  3.82913  2.60344  2.26041  2.79684  3.98141  3.16942  4.00787  2.99615  3.10023  2.50253  3.00432  3.22438  5.42060  4.10210     38 a - - -
          2.68618  4.42225  2.77519  2.73123  3.46354  2.40513  3.72494  3.29354  2.67741  2.69355  4.24690  2.90347  2.73739  3.18146  2.89801  2.37887  2.77519  2.98518  4.58477  3.61503
          0.01345  4.71147  5.43382  0.61958  0.77255  0.48576  0.95510
     36   2.21353  4.98873  2.43602  2.68729  2.87619  3.64106  1.62052  3.63561  2.75421  3.25040  4.09286  3.19898  4.06667  3.08209  3.21178  2.90302  3.09946  3.32940  5.40392  4.01063     39 h - - -
          2.68618  4.42225  2.77519  2.73123  3.46354  2.40513  3.72494  3.29354  2.67741  2.69355  4.24690  2.90347  2.73739  3.18146  2.89801  2.37887  2.77519  2.98518  4.58477  3.61503
          0.01345  4.71147  5.43382  0.61958  0.77255  0.48576  0.95510
     37   3.44227  5.36163  3.62718  3.46615  4.52938  3.92166  2.71428  4.59820  3.48157  4.12403  5.07218  3.87251  0.50746  3.94602  3.77296  3.53166  3.82506  4.20080  5.87019  4.47944     40 P - - -
          2.68618  4.42225  2.77519  2.73123  3.46354  2.40513  3.72494  3.29354  2.67741  2.69355  4.24690  2.90347  2.73739  3.18146  2.89801  2.37887  2.77519  2.98518  4.58477  3.61503
          0.01345  4.71147  5.43382  0.61958  0.77255  0.48576  0.95510
     38   2.22587  5.45749  2.04439  1.53739  4.78684  3.56530  3.85712  4.27986  2.66128  3.75894  4.51824  3.02862  4.02903  2.53551  3.17766  2.27211  3.17473  3.84278  5.89684  4.46295     41 e - - -
          2.68618  4.42225  2.77519  2.73123  3.46354  2.40513  3.72494  3.29354  2.67741  2.69355  4.24690  2.90347  2.73739  3.18146  2.89801  2.37887  2.77519  2.98518  4.58477  3.61503
          0.01345  4.71147  5.43382  0.61958  0.77255  0.48576  0.95510
     39   2.16247  4.36587  3.99533  3.42814  3.52261  3.80592  4.16218  2.25537  3.34676  2.59294  2.46972  3.72389  4.21295  3.61171  3.61498  2.46414  1.74740  2.60932  5.01315  3.80665     42 t - - -
          2.68618  4.42225  2.77519  2.73123  3.46354  2.40513  3.72494  3.29354  2.67741  2.69355  4.24690  2.90347  2.73739  3.18146  2.89801  2.37887  2.77519  2.98518  4.58477  3.61503
          0.01345  4.71147  5.43382  0.61958  0.77255  0.48576  0.95510
     40   1.92925  4.75539  3.38783  2.82233  3.93483  3.68770  3.90024  3.31067  2.19369  2.13826  2.78222  3.29767  4.07224  2.40283  3.14668  2.91386  3.02987  3.05089  5.29642  4.02083     43 a - - -
          2.68618  4.42225  2.77519  2.73123  3.46354  2.40513  3.72494  3.29354  2.67741  2.69355  4.24690  2.90347  2.73739  3.18146  2.89801  2.37887  2.77519  2.98518  4.58477  3.61503
          0.01345  4.71147  5.43382  0.61958  0.77255  0.48576  0.95510
     41   1.85565  5.46543  2.16699  1.69220  4.79415  3.56604  3.85517  4.28840  2.29225  3.76436  4.52248  2.41491  4.02890  2.96838  3.17199  2.87398  3.17556  3.84954  5.89976  4.46490     44 e - - -
          2.68618  4.42225  2.77519  2.73123  3.46354  2.40513  3.72494  3.29354  2.67741  2.69355  4.24690  2.90347  2.73739  3.18146  2.89801  2.37887  2.77519  2.98518  4.58477  3.61503
          0.01345  4.71147  5.43382  0.61958  0.77255  0.48576  0.95510
     42   2.82198  4.48945  3.78966  3.20997  2.72710  3.81740  4.05978  2.93710  1.82886  1.89158  3.56902  3.58630  4.19076  3.41958  2.90488  3.07479  3.05136  2.14183  5.06551  3.84045     45 k - - -
          2.68618  4.42225  2.77519  2.73123  3.46354  2.40513  3.72494  3.29354  2.67741  2.69355  4.24690  2.90347  2.73739  3.18146  2.89801  2.37887  2.77519  2.98518  4.58477  3.61503
          0.01345  4.71147  5.43382  0.61958  0.77255  0.48576  0.95510
     43   4.53475  5.69714  5.42419  5.34473  0.25887  4.88612  4.54267  4.05903  5.25992  3.25373  4.68574  5.08298  5.36660  5.21242  5.17254  4.71234  4.85562  4.09798  4.65690  2.96745     46 F - - -
          2.68618  4.42225  2.77519  2.73123  3.46354  2.40513  3.72494  3.29354  2.67741  2.69355  4.24690  2.90347  2.73739  3.18146  2.89801  2.37887  2.77519  2.98518  4.58477  3.61503
          0.01345  4.71147  5.43382  0.61958  0.77255  0.48576  0.95510
     44   2.10344  5.12416  2.13550  2.58911  4.59219  2.49216  3.85889  4.05736  2.63352  3.58390  4.34724  3.11043  3.04267  2.97729  3.11760  2.17511  2.39248  3.62605  5.74942  4.36859     47 a - - -
          2.68618  4.42225  2.77519  2.73123  3.46354  2.40513  3.72494  3.29354  2.67741  2.69355  4.24690  2.90347  2.73739  3.18146  2.89801  2.37887  2.77519  2.98518  4.58477  3.61503
          0.14959  4.71147  2.04061  0.61958  0.77255  0.48576  0.95510
     45   2.75954  5.18493  2.47192  2.47214  2.84081  3.53069  3.71427  3.96501  1.72749  3.47299  4.23553  3.01097  3.92609  2.30511  2.55407  2.73581  2.98863  3.56299  5.62448  4.24152     48 k - - -
          2.68618  4.42225  2.77519  2.73123  3.46354  2.40513  3.72494  3.29354  2.67741  2.69355  4.24690  2.90347  2.73739  3.18146  2.89801  2.37887  2.77519  2.98518  4.58477  3.61503
          0.01539  4.57727  5.29962  0.61958  0.77255  0.36252  1.19046
     46   4.13147  5.33506  5.56002  5.20111  0.66692  5.13084  4.55361  3.02728  5.01586  1.56282  3.59386  5.03762  5.33464  4.91152  4.96741  4.56075  4.35545  3.20771  4.64314  3.01760     49 F - - -
          2.68618  4.42225  2.77519  2.73123  3.46354  2.40513  3.72494  3.29354  2.67741  2.69355  4.24690  2.90347  2.73739  3.18146  2.89801  2.37887  2.77519  2.98518  4.58477  3.61503
          0.01345  4.71147  5.43382  0.61958  0.77255  0.48576  0.95510
     47   1.91491  5.06665  3.31618  2.83432  4.67672  3.59272  4.00770  4.10201  1.21563  3.65407  4.45181  3.29909  4.09953  3.14774  3.04900  2.11565  3.17154  3.67709  5.81714  4.50460     50 k - - -
          2.68618  4.42225  2.77519  2.73123  3.46354  2.40513  3.72494  3.29354  2.67741  2.69355  4.24690  2.90347  2.73739  3.18146  2.89801  2.37887  2.77519  2.98518  4.58477  3.61503
          0.01345  4.71147  5.43382  0.61958  0.77255  0.48576  0.95510
     48   3.09150  5.29047  2.96058  2.78949  4.70039  1.03556  2.08099  4.35534  3.05078  3.90591  4.74922  2.67224  4.22355  3.38633  3.47815  3.10719  3.42537  3.92894  5.96962  4.55698     51 g - - -
          2.68618  4.42225  2.77519  2.73123  3.46354  2.40513  3.72494  3.29354  2.67741  2.69355  4.24690  2.90347  2.73739  3.18146  2.89801  2.37887  2.77519  2.98518  4.58477  3.61503
          0.01345  4.71147  5.43382  0.61958  0.77255  0.48576  0.95510
     49   2.18982  4.54364  3.64911  3.08178  3.69314  3.76831  4.02388  2.54622  2.04983  1.86722  3.64490  3.49464  4.15151  3.33649  3.35961  3.01641  2.32791  2.76650  5.13787  3.90111     52 l - - -
          2.68618  4.42225  2.77519  2.73123  3.46354  2.40513  3.72494  3.29354  2.67741  2.69355  4.24690  2.90347  2.73739  3.18146  2.89801  2.37887  2.77519  2.98518  4.58477  3.61503
          0.01345  4.71147  5.43382  0.61958  0.77255  0.48576  0.95510
     50   2.43893  5.24059  2.40100  2.51262  4.60226  3.55284  3.79884  4.07174  1.93296  3.57974  4.33862  3.05434  3.97809  2.90985  3.04606  1.63444  2.70595  3.65286  5.73388  4.33757     53 s - - -
          2.68618  4.42225  2.77519  2.73123  3.46354  2.40513  3.72494  3.29354  2.67741  2.69355  4.24690  2.90347  2.73739  3.18146  2.89801  2.37887  2.77519  2.98518  4.58477  3.61503
          0.01345  4.71147  5.43382  0.61958  0.77255  0.48576  0.95510
     51   2.77288  5.15050  2.39074  2.08717  4.44403  3.56348  3.76107  3.89483  2.52199  2.67112  4.20612  3.05443  3.95844  2.51691  3.00475  2.37667  2.31909  2.77665  5.61589  4.23781     54 e - - -
          2.68618  4.42225  2.77519  2.73123  3.46354  2.40513  3.72494  3.29354  2.67741  2.69355  4.24690  2.90347  2.73739  3.18146  2.89801  2.37887  2.77519  2.98518  4.58477  3.61503
          0.01345  4.71147  5.43382  0.61958  0.77255  0.48576  0.95510
     52   2.08949  4.82238  3.29204  1.76869  4.04662  3.64708  3.89011  2.92239  2.74000  3.07357  3.92693  3.24172  2.71316  3.08045  3.17935  2.87313  3.02405  2.37882  5.38629  4.08624     55 e - - -
          2.68618  4.42225  2.77519  2.73123  3.46354  2.40513  3.72494  3.29354  2.67741  2.69355  4.24690  2.90347  2.73739  3.18146  2.89801  2.37887  2.77519  2.98518  4.58477  3.61503
          0.01345  4.71147  5.43382  0.61958  0.77255  0.48576  0.95510
     53   2.46379  5.24148  1.59839  2.60144  4.78356  2.22284  3.97706  4.26428  2.80795  3.78154  4.55312  3.13090  2.53713  3.10674  3.31195  2.21652  3.18117  3.80425  5.94040  4.53834     56 d - - -
          2.68618  4.42225  2.77519  2.73123  3.46354  2.40513  3.72494  3.29354  2.67741  2.69355  4.24690  2.90347  2.73739  3.18146  2.89801  2.37887  2.77519  2.98518  4.58477  3.61503
          0.01345  4.71147  5.43382  0.61958  0.77255  0.48576  0.95510
     54   2.51846  4.84468  2.99054  2.12538  4.05027  3.64079  3.86259  2.02323  2.70798  3.08414  3.92848  3.21159  4.03324  2.37225  3.15197  2.86124  3.01663  2.39615  5.37911  4.07438     57 i - - -
          2.68618  4.42225  2.77519  2.73123  3.46354  2.40513  3.72494  3.29354  2.67741  2.69355  4.24690  2.90347  2.73739  3.18146  2.89801  2.37887  2.77519  2.98518  4.58477  3.61503
          0.01345  4.71147  5.43382  0.61958  0.77255  0.48576  0.95510
     55   1.99969  4.89001  3.26146  2.70343  4.11127  3.64066  3.84907  3.50389  1.93139  2.77405  2.47826  2.44284  4.03160  3.02307  3.07965  2.85833  3.02552  3.20852  5.41234  4.10514     58 k - - -
          2.68618  4.42225  2.77519  2.73123  3.46354  2.40513  3.72494  3.29354  2.67741  2.69355  4.24690  2.90347  2.73739  3.18146  2.89801  2.37887  2.77519  2.98518  4.58477  3.61503
          0.01345  4.71147  5.43382  0.61958  0.77255  0.48576  0.95510
     56   2.13842  5.29148  2.59859  2.47809  4.62957  2.37342  3.76342  4.10862  1.88046  3.59553  4.34328  2.36464  3.96247  2.86686  2.79169  2.77007  3.04026  3.68034  5.73362  4.32725     59 k - - -
          2.68618  4.42225  2.77519  2.73123  3.46354  2.40513  3.72494  3.29354  2.67741  2.69355  4.24690  2.90347  2.73739  3.18146  2.89801  2.37887  2.77519  2.98518  4.58477  3.61503
          0.08546  4.71147  2.61843  0.61958  0.77255  0.48576  0.95510
     57   2.09143  4.71170  3.35122  2.79779  3.96270  3.60337  3.89911  3.34911  2.77280  2.28643  3.86444  3.26609  2.68042  3.11105  2.92459  2.14590  2.36744  3.06596  5.31807  4.03536     60 a - - -
          2.68631  4.42238  2.77532  2.73079  3.46367  2.40526  3.72507  3.29367  2.67713  2.69312  4.24703  2.90360  2.73709  3.18159  2.89814  2.37900  2.77532  2.98531  4.58490  3.61516
          0.43574  1.43781  2.15619  0.67949  0.70699  0.40961  1.09038
     58   2.76125  5.04914  3.05245  2.54541  4.35927  2.51339  3.78405  3.79691  2.55941  2.62838  4.15779  2.59426  3.95763  2.26153  3.02583  1.87344  3.00466  3.43413  5.56967  4.21212     63 s - - -
          2.68618  4.42225  2.77519  2.73123  3.46354  2.40513  3.72494  3.29354  2.67741  2.69355  4.24690  2.90347  2.73739  3.18146  2.89801  2.37887  2.77519  2.98518  4.58477  3.61503
          0.01501  4.60225  5.32460  0.61958  0.77255  0.37942  1.15282
     59   1.38131  5.23920  3.07161  1.74310  4.61942  3.62501  3.90110  4.05169  2.61191  3.59342  4.39198  3.16561  4.07804  3.03311  2.39523  2.92164  3.17758  3.66890  5.76584  4.41357     64 a - - -
          2.68618  4.42225  2.77519  2.73123  3.46354  2.40513  3.72494  3.29354  2.67741  2.69355  4.24690  2.90347  2.73739  3.18146  2.89801  2.37887  2.77519  2.98518  4.58477  3.61503
          0.01345  4.71147  5.43382  0.61958  0.77255  0.48576  0.95510
     60   2.45793  5.33812  1.86461  2.26173  4.67290  3.55402  2.65770  4.15779  2.05547  3.63852  4.38580  3.02075  2.82788  2.88378  3.03488  2.78915  3.06741  3.72409  5.77322  4.35782     65 d - - -
          2.68618  4.42225  2.77519  2.73123  3.46354  2.40513  3.72494  3.29354  2.67741  2.69355  4.24690  2.90347  2.73739  3.18146  2.89801  2.37887  2.77519  2.98518  4.58477  3.61503
          0.01345  4.71147  5.43382  0.61958  0.77255  0.48576  0.95510
     61   2.21859  4.41610  4.95357  4.36613  2.47356  4.30312  4.66670  2.03131  4.19657  1.66443  3.40469  4.42974  4.63077  4.34228  4.25367  3.62670  3.30433  1.39980  5.14341  3.97589     66 v - - -
          2.68618  4.42225  2.77519  2.73123  3.46354  2.40513  3.72494  3.29354  2.67741  2.69355  4.24690  2.90347  2.73739  3.18146  2.89801  2.37887  2.77519  2.98518  4.58477  3.61503
          0.01345  4.71147  5.43382  0.61958  0.77255  0.48576  0.95510
     62   2.79624  5.20387  3.06964  2.13416  4.51719  2.62327  3.76208  3.97352  1.88114  2.56949  4.25780  3.05952  3.96958  2.87359  2.76315  2.11366  3.02625  3.57833  5.65431  4.27475     67 k - - -
          2.68618  4.42225  2.77519  2.73123  3.46354  2.40513  3.72494  3.29354  2.67741  2.69355  4.24690  2.90347  2.73739  3.18146  2.89801  2.37887  2.77519  2.98518  4.58477  3.61503
          0.01345  4.71147  5.43382  0.61958  0.77255  0.48576  0.95510
     63   1.88953  5.01160  3.25465  2.73070  4.51587  3.55782  3.92758  3.94664  1.48261  3.51436  4.30515  3.21771  4.03163  3.06468  3.09634  2.29071  2.36482  3.54436  5.70643  4.37207     68 k - - -
          2.68618  4.42225  2.77519  2.73123  3.46354  2.40513  3.72494  3.29354  2.67741  2.69355  4.24690  2.90347  2.73739  3.18146  2.89801  2.37887  2.77519  2.98518  4.58477  3.61503
          0.01345  4.71147  5.43382  0.61958  0.77255  0.48576  0.95510
     64   2.95595  5.14810  3.34846  2.76648  4.41116  3.73311  1.69849  3.83797  2.45621  3.39833  4.22371  3.25771  4.11608  2.12827  2.28840  2.97761  3.17138  2.47808  5.57552  4.27309     69 h - - -
          2.68618  4.42225  2.77519  2.73123  3.46354  2.40513  3.72494  3.29354  2.67741  2.69355  4.24690  2.90347  2.73739  3.18146  2.89801  2.37887  2.77519  2.98518  4.58477  3.61503
          0.01345  4.71147  5.43382  0.61958  0.77255  0.48576  0.95510
     65   2.21832  4.33410  4.27344  3.71975  2.42592  1.84861  4.29600  1.77701  3.61342  2.53249  3.48822  3.91738  4.29753  3.84177  3.80843  3.18877  3.08027  2.51481  5.00459  3.79702     70 i - - -
          2.68618  4.42225  2.77519  2.73123  3.46354  2.40513  3.72494  3.29354  2.67741  2.69355  4.24690  2.90347  2.73739  3.18146  2.89801  2.37887  2.77519  2.98518  4.58477  3.61503
          0.01345  4.71147  5.43382  0.61958  0.77255  0.48576  0.95510
     66   2.32372  4.90456  3.21328  2.65752  3.00423  2.61218  3.82929  3.54152  2.15769  3.16462  3.98981  2.29033  4.00512  2.99454  3.10186  2.82220  2.55440  2.78318  5.42842  4.10821     71 k - - -
          2.68618  4.42225  2.77519  2.73123  3.46354  2.40513  3.72494  3.29354  2.67741  2.69355  4.24690  2.90347  2.73739  3.18146  2.89801  2.37887  2.77519  2.98518  4.58477  3.61503
          0.01345  4.71147  5.43382  0.61958  0.77255  0.48576  0.95510
     67   2.84741  4.47706  3.91809  3.34369  3.61864  3.85642  4.15451  2.82928  3.19449  2.06955  3.58163  3.68901  4.24615  3.53678  2.56656  3.13268  1.59490  1.96905  5.11069  3.89673     72 t - - -
          2.68618  4.42225  2.77519  2.73123  3.46354  2.40513  3.72494  3.29354  2.67741  2.69355  4.24690  2.90347  2.73739  3.18146  2.89801  2.37887  2.77519  2.98518  4.58477  3.61503
          0.01345  4.71147  5.43382  0.61958  0.77255  0.48576  0.95510
     68   2.17514  4.42338  4.36142  3.79103  3.60646  4.06195  4.42731  1.99870  3.64669  2.56515  3.56297  4.03343  4.44141  3.92638  2.73118  3.36570  3.19058  1.19951  5.17095  3.97062     73 v - - -
          2.68618  4.42225  2.77519  2.73123  3.46354  2.40513  3.72494  3.29354  2.67741  2.69355  4.24690  2.90347  2.73739  3.18146  2.89801  2.37887  2.77519  2.98518  4.58477  3.61503
          0.01345  4.71147  5.43382  0.61958  0.77255  0.48576  0.95510
     69   3.24019  4.59669  4.97417  4.40637  3.29177  4.42821  4.64919  2.53514  4.22997  1.09890  3.36396  4.49894  4.73326  4.36684  4.30352  3.75506  3.47157  1.54776  5.04700  2.39072     74 l - - -
          2.68618  4.42225  2.77519  2.73123  3.46354  2.40513  3.72494  3.29354  2.67741  2.69355  4.24690  2.90347  2.73739  3.18146  2.89801  2.37887  2.77519  2.98518  4.58477  3.61503
          0.01345  4.71147  5.43382  0.61958  0.77255  0.48576  0.95510
     70   2.80681  5.27217  2.98634  2.04669  4.60658  2.69181  3.77145  4.08112  2.24369  3.57815  4.33110  2.49371  3.96610  2.87792  3.01456  2.20820  2.03246  3.66035  5.72477  4.32207     75 t - - -
          2.68618  4.42225  2.77519  2.73123  3.46354  2.40513  3.72494  3.29354  2.67741  2.69355  4.24690  2.90347  2.73739  3.18146  2.89801  2.37887  2.77519  2.98518  4.58477  3.61503
          0.01345  4.71147  5.43382  0.61958  0.77255  0.48576  0.95510
     71   1.66293  4.99900  3.15546  2.23355  2.92996  3.60859  2.67009  3.65927  2.30624  3.25858  4.07233  3.13776  4.00448  2.96644  3.06084  2.82393  3.02490  3.33456  5.49352  4.15554     76 a - - -
          2.68618  4.42225  2.77519  2.73123  3.46354  2.40513  3.72494  3.29354  2.67741  2.69355  4.24690  2.90347  2.73739  3.18146  2.89801  2.37887  2.77519  2.98518  4.58477  3.61503
          0.01345  4.71147  5.43382  0.61958  0.77255  0.48576  0.95510
     72   2.22880  4.68660  4.96893  4.41397  1.89426  4.44645  4.72741  2.64780  4.26322  0.97128  3.29713  4.53537  4.76027  4.37897  4.34748  3.78308  3.54106  2.66836  5.11954  3.87503     77 l - - -
          2.68618  4.42225  2.77519  2.73123  3.46354  2.40513  3.72494  3.29354  2.67741  2.69355  4.24690  2.90347  2.73739  3.18146  2.89801  2.37887  2.77519  2.98518  4.58477  3.61503
          0.01345  4.71147  5.43382  0.61958  0.77255  0.48576  0.95510
     73   2.75985  4.46384  4.02251  3.51571  3.83033  1.38830  4.34008  2.16709  3.45411  2.87967  3.80114  3.76657  4.21634  3.73254  3.74156  2.25909  3.09139  2.19149  5.31103  4.09941     78 g - - -
          2.68618  4.42225  2.77519  2.73123  3.46354  2.40513  3.72494  3.29354  2.67741  2.69355  4.24690  2.90347  2.73739  3.18146  2.89801  2.37887  2.77519  2.98518  4.58477  3.61503
          0.01345  4.71147  5.43382  0.61958  0.77255  0.48576  0.95510
     74   2.62248  5.30506  2.33999  2.20510  4.64833  2.53207  3.74609  4.13498  2.11396  3.60902  4.34771  2.49757  3.94880  2.28035  2.67608  2.75143  3.02451  3.69503  5.73693  4.32362     79 k - - -
          2.68618  4.42225  2.77519  2.73123  3.46354  2.40513  3.72494  3.29354  2.67741  2.69355  4.24690  2.90347  2.73739  3.18146  2.89801  2.37887  2.77519  2.98518  4.58477  3.61503
          0.01345  4.71147  5.43382  0.61958  0.77255  0.48576  0.95510
     75   2.85371  4.55993  3.65448  2.32854  3.69156  3.81877  4.08767  1.63954  3.09830  1.90693  3.64772  2.68935  4.20661  3.41743  3.44277  3.08808  3.08775  2.70393  5.16390  3.92730     80 i - - -
          2.68618  4.42225  2.77519  2.73123  3.46354  2.40513  3.72494  3.29354  2.67741  2.69355  4.24690  2.90347  2.73739  3.18146  2.89801  2.37887  2.77519  2.98518  4.58477  3.61503
          0.01345  4.71147  5.43382  0.61958  0.77255  0.48576  0.95510
     76   2.31871  4.51981  3.63878  2.35451  3.66673  2.59631  4.03108  2.37617  3.05162  1.69542  3.62683  3.49947  4.14848  3.35790  3.40646  3.01428  3.02844  2.76067  5.11672  3.88125     81 l - - -
          2.68618  4.42225  2.77519  2.73123  3.46354  2.40513  3.72494  3.29354  2.67741  2.69355  4.24690  2.90347  2.73739  3.18146  2.89801  2.37887  2.77519  2.98518  4.58477  3.61503
          0.01345  4.71147  5.43382  0.61958  0.77255  0.48576  0.95510
     77   2.28718  4.93781  3.31671  2.78767  4.33628  2.59935  3.94154  3.70744  1.36006  3.34534  4.17101  3.26555  4.06322  3.10301  3.10027  2.87550  3.08499  2.41042  5.59056  4.28345     82 k - - -
          2.68618  4.42225  2.77519  2.73123  3.46354  2.40513  3.72494  3.29354  2.67741  2.69355  4.24690  2.90347  2.73739  3.18146  2.89801  2.37887  2.77519  2.98518  4.58477  3.61503
          0.01345  4.71147  5.43382  0.61958  0.77255  0.48576  0.95510
     78   2.44566  5.20735  3.04840  2.12753  4.52289  3.55759  3.74765  3.98661  1.94236  3.49883  2.83442  2.52310  3.95137  2.58760  2.97222  2.75266  2.38026  3.58221  5.65722  4.26753     83 k - - -
          2.68618  4.42225  2.77519  2.73123  3.46354  2.40513  3.72494  3.29354  2.67741  2.69355  4.24690  2.90347  2.73739  3.18146  2.89801  2.37887  2.77519  2.98518  4.58477  3.61503
          0.01345  4.71147  5.43382  0.61958  0.77255  0.48576  0.95510
     79   2.32509  4.75077  3.39025  2.83301  3.96451  2.60403  3.92009  3.31186  1.72639  2.39669  3.86676  3.30480  4.07194  3.13526  3.18221  2.90641  3.03079  2.32394  5.32435  4.04595     84 k - - -
          2.68618  4.42225  2.77519  2.73123  3.46354  2.40513  3.72494  3.29354  2.67741  2.69355  4.24690  2.90347  2.73739  3.18146  2.89801  2.37887  2.77519  2.98518  4.58477  3.61503
          0.01345  4.71147  5.43382  0.61958  0.77255  0.48576  0.95510
     80   2.00285  4.70536  3.54215  3.06196  4.30169  1.55778  4.17688  3.69729  3.07357  3.36012  4.19631  2.82851  2.60927  3.39205  3.48167  2.84929  3.07133  2.27881  5.64091  4.37021     85 g - - -
          2.68618  4.42225  2.77519  2.73123  3.46354  2.40513  3.72494  3.29354  2.67741  2.69355  4.24690  2.90347  2.73739  3.18146  2.89801  2.37887  2.77519  2.98518  4.58477  3.61503
          0.01345  4.71147  5.43382  0.61958  0.77255  0.48576  0.95510
     81   2.78439  5.24159  3.03258  2.24581  4.56707  3.55692  2.46752  4.03713  2.15364  3.53650  4.28889  2.27047  3.95318  2.52541  2.96617  2.42812  3.01529  2.65484  5.68390  4.28832     86 k - - -
          2.68618  4.42225  2.77519  2.73123  3.46354  2.40513  3.72494  3.29354  2.67741  2.69355  4.24690  2.90347  2.73739  3.18146  2.89801  2.37887  2.77519  2.98518  4.58477  3.61503
          0.01345  4.71147  5.43382  0.61958  0.77255  0.48576  0.95510
     82   2.90794  4.36650  4.38427  3.80117  3.40196  4.02733  1.91785  2.10719  3.66034  2.35204  2.00923  4.01058  4.38404  3.89077  3.83681  3.32132  3.14083  1.95306  4.98351  3.78778     87 h - - -
          2.68618  4.42225  2.77519  2.73123  3.46354  2.40513  3.72494  3.29354  2.67741  2.69355  4.24690  2.90347  2.73739  3.18146  2.89801  2.37887  2.77519  2.98518  4.58477  3.61503
          0.01345  4.71147  5.43382  0.61958  0.77255  0.48576  0.95510
     83   2.44746  5.24804  3.01272  1.58192  4.58677  3.56115  3.77979  4.05398  2.05497  3.55992  4.31861  3.04866  3.97356  2.88908  3.00693  2.33614  2.36439  3.64076  5.71236  4.31853     88 e - - -
          2.68618  4.42225  2.77519  2.73123  3.46354  2.40513  3.72494  3.29354  2.67741  2.69355  4.24690  2.90347  2.73739  3.18146  2.89801  2.37887  2.77519  2.98518  4.58477  3.61503
          0.01345  4.71147  5.43382  0.61958  0.77255  0.48576  0.95510
     84   0.99345  5.38004  2.03212  2.60847  4.82513  3.58387  4.08335  4.28702  2.98580  3.84504  4.66568  3.15330  4.14985  2.69005  3.49791  3.03222  3.35216  3.87625  6.03808  4.62977     89 a - - -
          2.68618  4.42225  2.77519  2.73123  3.46354  2.40513  3.72494  3.29354  2.67741  2.69355  4.24690  2.90347  2.73739  3.18146  2.89801  2.37887  2.77519  2.98518  4.58477  3.61503
          0.01345  4.71147  5.43382  0.61958  0.77255  0.48576  0.95510
     85   2.23064  4.83497  2.56812  1.90776  4.04097  3.64237  3.86002  2.82670  2.70453  3.07152  2.92186  3.21458  4.03108  3.04523  3.14889  2.85666  3.00949  2.39224  5.37215  4.06798     90 e - - -
          2.68618  4.42225  2.77519  2.73123  3.46354  2.40513  3.72494  3.29354  2.67741  2.69355  4.24690  2.90347  2.73739  3.18146  2.89801  2.37887  2.77519  2.98518  4.58477  3.61503
          0.01345  4.71147  5.43382  0.61958  0.77255  0.48576  0.95510
     86   2.86075  4.31719  4.39737  3.81782  3.43452  2.57639  4.33026  2.27763  3.69052  1.44834  3.41996  4.00305  4.35689  3.90679  3.85744  3.28239  2.29868  1.97307  4.98511  3.79711     91 l - - -
          2.68618  4.42225  2.77519  2.73123  3.46354  2.40513  3.72494  3.29354  2.67741  2.69355  4.24690  2.90347  2.73739  3.18146  2.89801  2.37887  2.77519  2.98518  4.58477  3.61503
          0.01345  4.71147  5.43382  0.61958  0.77255  0.48576  0.95510
     87   2.78101  4.99137  3.17226  2.61528  4.23742  3.60537  3.80552  3.65396  1.82730  2.48540  4.06339  2.50596  3.99615  2.76320  3.04218  2.36919  2.83318  2.49997  5.48995  4.15516     92 k - - -
          2.68618  4.42225  2.77519  2.73123  3.46354  2.40513  3.72494  3.29354  2.67741  2.69355  4.24690  2.90347  2.73739  3.18146  2.89801  2.37887  2.77519  2.98518  4.58477  3.61503
          0.01345  4.71147  5.43382  0.61958  0.77255  0.48576  0.95510
     88   2.92370  5.31260  3.22044  2.64083  4.67209  3.67428  3.79915  4.10979  1.94661  3.59282  4.36948  3.15764  1.96827  2.37434  2.15486  2.89936  2.44026  3.71540  5.71340  4.37600     93 k - - -
          2.68618  4.42225  2.77519  2.73123  3.46354  2.40513  3.72494  3.29354  2.67741  2.69355  4.24690  2.90347  2.73739  3.18146  2.89801  2.37887  2.77519  2.98518  4.58477  3.61503
          0.01345  4.71147  5.43382  0.61958  0.77255  0.48576  0.95510
     89   3.00742  4.59506  4.01835  3.48509  1.94260  3.99254  2.51001  3.06751  3.39752  1.55122  3.69004  2.47437  4.36473  3.66914  3.67390  3.26994  3.23873  2.87449  4.68146  3.19175     94 l - - -
          2.68618  4.42225  2.77519  2.73123  3.46354  2.40513  3.72494  3.29354  2.67741  2.69355  4.24690  2.90347  2.73739  3.18146  2.89801  2.37887  2.77519  2.98518  4.58477  3.61503
          0.01345  4.71147  5.43382  0.61958  0.77255  0.48576  0.95510
     90   1.49194  4.57363  3.71036  3.14961  3.75086  3.79380  4.08647  2.95227  2.27599  2.15192  3.69340  3.55124  4.19368  3.39541  3.38347  3.05851  3.08066  2.20638  5.20667  3.97199     95 a - - -
          2.68618  4.42225  2.77519  2.73123  3.46354  2.40513  3.72494  3.29354  2.67741  2.69355  4.24690  2.90347  2.73739  3.18146  2.89801  2.37887  2.77519  2.98518  4.58477  3.61503
          0.01345  4.71147  5.43382  0.61958  0.77255  0.48576  0.95510
     91   2.31085  5.31267  2.97346  2.27833  4.64746  2.08398  3.77928  4.12404  2.15626  3.61187  4.36444  2.59414  3.97921  2.10229  3.00413  2.79448  3.06590  3.69953  5.75052  4.34662     96 g - - -
          2.68618  4.42225  2.77519  2.73123  3.46354  2.40513  3.72494  3.29354  2.67741  2.69355  4.24690  2.90347  2.73739  3.18146  2.89801  2.37887  2.77519  2.98518  4.58477  3.61503
          0.14959  4.71147  2.04061  0.61958  0.77255  0.48576  0.95510
     92   2.98530  5.18229  2.85627  2.02129  4.83472  3.50370  4.17275  4.31523  3.06645  3.89644  4.73849  3.21746  4.13448  3.35538  3.51968  0.86037  3.34342  3.86447  6.05871  4.68576     97 s - - -
          2.68618  4.42225  2.77519  2.73123  3.46354  2.40513  3.72494  3.29354  2.67741  2.69355  4.24690  2.90347  2.73739  3.18146  2.89801  2.37887  2.77519  2.98518  4.58477  3.61503
          0.01539  4.57727  5.29962  0.61958  0.77255  0.36252  1.19046
     93   3.31096  4.89748  4.17208  3.68760  2.84638  4.20008  1.15053  3.39888  3.52921  3.00206  4.02400  3.93551  4.57949  3.83710  3.78474  3.50583  3.54673  2.16136  4.46595  1.99357     98 h - - -
          2.68618  4.42225  2.77519  2.73123  3.46354  2.40513  3.72494  3.29354  2.67741  2.69355  4.24690  2.90347  2.73739  3.18146  2.89801  2.37887  2.77519  2.98518  4.58477  3.61503
          0.01345  4.71147  5.43382  0.61958  0.77255  0.48576  0.95510
     94   1.74972  4.95127  3.20730  2.66329  4.21772  2.57828  2.67993  3.62887  2.18941  3.23958  4.05893  3.17180  4.01498  3.00048  3.07923  2.83218  3.02711  2.63149  5.48732  4.16309     99 a - - -
          2.68618  4.42225  2.77519  2.73123  3.46354  2.40513  3.72494  3.29354  2.67741  2.69355  4.24690  2.90347  2.73739  3.18146  2.89801  2.37887  2.77519  2.98518  4.58477  3.61503
          0.01345  4.71147  5.43382  0.61958  0.77255  0.48576  0.95510
     95   2.74655  4.79828  3.36515  2.85118  4.22093  2.64780  4.00149  3.62005  2.85503  3.26439  4.09616  2.35180  2.72289  3.18965  3.28875  2.84242  1.70247  2.36358  5.53751  4.24079    100 t - - -
          2.68618  4.42225  2.77519  2.73123  3.46354  2.40513  3.72494  3.29354  2.67741  2.69355  4.24690  2.90347  2.73739  3.18146  2.89801  2.37887  2.77519  2.98518  4.58477  3.61503
          0.01345  4.71147  5.43382  0.61958  0.77255  0.48576  0.95510
     96   2.91502  5.16308  3.29227  2.70969  2.98169  3.69383  3.83220  3.88359  1.33343  3.43124  4.24082  3.21167  4.07995  2.96713  2.26475  2.24748  3.13534  3.53979  5.59931  4.28050    101 k - - -
          2.68618  4.42225  2.77519  2.73123  3.46354  2.40513  3.72494  3.29354  2.67741  2.69355  4.24690  2.90347  2.73739  3.18146  2.89801  2.37887  2.77519  2.98518  4.58477  3.61503
          0.01345  4.71147  5.43382  0.61958  0.77255  0.48576  0.95510
     97   3.12053  5.38549  3.17378  2.78450  4.73658  2.03180  1.39547  4.22369  1.93610  3.72807  4.55280  3.28588  4.20633  3.11999  2.89269  3.10820  3.36014  3.85157  5.82422  4.50070    102 h - - -
          2.68618  4.42225  2.77519  2.73123  3.46354  2.40513  3.72494  3.29354  2.67741  2.69355  4.24690  2.90347  2.73739  3.18146  2.89801  2.37887  2.77519  2.98518  4.58477  3.61503
          0.26120  4.71147  1.51012  0.61958  0.77255  0.48576  0.95510
     98   2.79306  4.89194  3.25268  2.74687  4.28466  2.34381  3.86817  3.62518  1.43178  3.27699  4.12183  3.21445  4.01709  3.03416  2.90707  2.85707  3.06003  2.35937  5.51770  4.22741    103 k - - -
          2.68618  4.42225  2.77519  2.73123  3.46354  2.40513  3.72494  3.29354  2.67741  2.69355  4.24690  2.90347  2.73739  3.18146  2.89801  2.37887  2.77519  2.98518  4.58477  3.61503
          0.01720  4.46746  5.18981  0.61958  0.77255  0.30652  1.33183
     99   3.41888  4.68872  5.36977  4.87174  4.05975  4.85553  5.49857  0.95007  4.77561  2.63653  3.85634  5.00809  5.16413  5.02184  4.93205  4.24876  2.43790  1.23886  5.96976  4.75584    104 i - - -
          2.68618  4.42225  2.77519  2.73123  3.46354  2.40513  3.72494  3.29354  2.67741  2.69355  4.24690  2.90347  2.73739  3.18146  2.89801  2.37887  2.77519  2.98518  4.58477  3.61503
          0.01345  4.71147  5.43382  0.61958  0.77255  0.48576  0.95510
    100   2.22461  5.16302  3.08559  2.56881  4.50113  2.74865  2.76028  3.94920  2.05634  3.48669  4.26566  3.09844  2.01649  2.93171  3.00954  2.80944  3.05585  3.56321  5.66389  4.29651    105 p - - -
          2.68618  4.42225  2.77519  2.73123  3.46354  2.40513  3.72494  3.29354  2.67741  2.69355  4.24690  2.90347  2.73739  3.18146  2.89801  2.37887  2.77519  2.98518  4.58477  3.61503
          0.01345  4.71147  5.43382  0.61958  0.77255  0.48576  0.95510
    101   2.18136  4.66815  2.08743  2.92465  3.87719  3.70195  3.98782  2.11643  2.91528  2.91504  3.79964  3.37955  4.10915  3.23642  3.32186  2.40991  3.04021  2.32008  5.28301  4.01666    106 d - - -
          2.68618  4.42225  2.77519  2.73123  3.46354  2.40513  3.72494  3.29354  2.67741  2.69355  4.24690  2.90347  2.73739  3.18146  2.89801  2.37887  2.77519  2.98518  4.58477  3.61503
          0.01345  4.71147  5.43382  0.61958  0.77255  0.48576  0.95510
    102   1.95393  5.32387  3.01265  2.24167  4.66615  3.58340  3.77982  4.13805  1.77290  3.61940  4.37373  2.60069  3.99217  2.10988  2.95003  2.81139  3.07932  3.71479  5.74993  4.35628    107 k - - -
          2.68618  4.42225  2.77519  2.73123  3.46354  2.40513  3.72494  3.29354  2.67741  2.69355  4.24690  2.90347  2.73739  3.18146  2.89801  2.37887  2.77519  2.98518  4.58477  3.61503
          0.01345  4.71147  5.43382  0.61958  0.77255  0.48576  0.95510
    103   2.89725  4.88897  3.39537  2.85521  3.66462  3.74725  2.61128  3.48098  2.78325  2.40966  3.97932  2.72288  4.13463  2.49960  3.18497  2.98163  3.12592  3.21064  5.10896  1.73581    108 y - - -
          2.68618  4.42225  2.77519  2.73123  3.46354  2.40513  3.72494  3.29354  2.67741  2.69355  4.24690  2.90347  2.73739  3.18146  2.89801  2.37887  2.77519  2.98518  4.58477  3.61503
          0.01345  4.71147  5.43382  0.61958  0.77255  0.48576  0.95510
    104   3.27081  4.72165  4.51919  4.03886  1.21411  4.28172  4.21736  3.00018  3.91744  1.53824  3.65216  2.55772  4.64340  4.10875  4.08333  3.60711  3.51021  2.90437  4.61068  3.06664    109 f - - -
          2.68618  4.42225  2.77519  2.73123  3.46354  2.40513  3.72494  3.29354  2.67741  2.69355  4.24690  2.90347  2.73739  3.18146  2.89801  2.37887  2.77519  2.98518  4.58477  3.61503
          0.01345  4.71147  5.43382  0.61958  0.77255  0.48576  0.95510
    105   3.00704  5.52137  2.80394  1.21900  4.85494  3.59569  3.90311  4.34228  2.28882  3.81900  4.59243  2.32845  2.57430  3.02370  3.17991  2.94485  3.25215  3.91163  5.95285  4.52698    110 e - - -
          2.68618  4.42225  2.77519  2.73123  3.46354  2.40513  3.72494  3.29354  2.67741  2.69355  4.24690  2.90347  2.73739  3.18146  2.89801  2.37887  2.77519  2.98518  4.58477  3.61503
          0.01345  4.71147  5.43382  0.61958  0.77255  0.48576  0.95510
    106   2.81019  4.34669  4.07608  3.50686  1.75575  3.87089  4.15757  2.77172  3.41357  2.20238  3.45159  2.78047  2.68170  3.66466  3.65325  3.15157  3.04639  2.05397  4.91969  3.68486    111 f - - -
          2.68618  4.42225  2.77519  2.73123  3.46354  2.40513  3.72494  3.29354  2.67741  2.69355  4.24690  2.90347  2.73739  3.18146  2.89801  2.37887  2.77519  2.98518  4.58477  3.61503
          0.01345  4.71147  5.43382  0.61958  0.77255  0.48576  0.95510
    107   3.11391  4.48192  4.82869  4.24847  3.57477  4.34217  4.70272  1.38291  4.06976  1.83287  3.49021  4.39812  4.66923  4.29265  2.67054  3.66248  3.35044  1.48662  5.25843  4.08271    112 i - - -
          2.68618  4.42225  2.77519  2.73123  3.46354  2.40513  3.72494  3.29354  2.67741  2.69355  4.24690  2.90347  2.73739  3.18146  2.89801  2.37887  2.77519  2.98518  4.58477  3.61503
          0.12423  4.71147  2.22721  0.61958  0.77255  0.48576  0.95510
    108   2.75602  3.59977  3.14835  2.59096  4.36648  2.51252  3.78464  3.79738  2.03047  3.36092  4.15429  3.10416  3.96417  2.91673  2.40748  1.82000  3.00109  3.43185  5.55965  4.21720    113 s - - -
          2.68618  4.42225  2.77519  2.73123  3.46354  2.40513  3.72494  3.29354  2.67741  2.69355  4.24690  2.90347  2.73739  3.18146  2.89801  2.37887  2.77519  2.98518  4.58477  3.61503
          0.01501  4.60225  5.32460  0.61958  0.77255  0.68348  0.70291
    109   2.12771  5.44157  2.33660  1.28823  4.79015  3.52145  3.88736  4.27798  2.73737  3.77647  4.55655  3.00390  4.02738  3.01558  3.26450  2.26632  3.21204  3.84842  5.93106  4.49375    114 e - - -
          2.68618  4.42225  2.77519  2.73123  3.46354  2.40513  3.72494  3.29354  2.67741  2.69355  4.24690  2.90347  2.73739  3.18146  2.89801  2.37887  2.77519  2.98518  4.58477  3.61503
          0.01501  4.60225  5.32460  0.61958  0.77255  0.68348  0.70291
    110   1.61590  4.32338  4.01056  3.44195  3.47576  3.80239  4.15586  2.40284  3.35698  2.52309  2.60892  3.72861  4.20266  3.61742  3.61590  2.26546  3.00669  2.17044  4.98131  3.77679    115 a - - -
          2.68618  4.42225  2.77519  2.73123  3.46354  2.40513  3.72494  3.29354  2.67741  2.69355  4.24690  2.90347  2.73739  3.18146  2.89801  2.37887  2.77519  2.98518  4.58477  3.61503
          0.01501  4.60225  5.32460  0.61958  0.77255  0.68348  0.70291
    111   3.66246  4.91032  5.56114  4.99789  2.32966  5.00952  5.27612  1.11950  4.85642  1.18152  3.18418  5.13354  5.14720  4.83085  4.85448  4.37989  3.88063  2.45118  5.42617  4.30028    116 i - - -
          2.68618  4.42225  2.77519  2.73123  3.46354  2.40513  3.72494  3.29354  2.67741  2.69355  4.24690  2.90347  2.73739  3.18146  2.89801  2.37887  2.77519  2.98518  4.58477  3.61503
          0.01501  4.60225  5.32460  0.61958  0.77255  0.37942  1.15282
    112   2.27884  4.34528  4.61984  4.03648  3.45588  4.11127  4.46437  1.77832  3.89280  1.56469  3.42342  4.17396  2.90045  4.08525  4.01750  3.42025  3.17755  1.83484  5.04792  3.86637    117 l - - -
          2.68618  4.42225  2.77519  2.73123  3.46354  2.40513  3.72494  3.29354  2.67741  2.69355  4.24690  2.90347  2.73739  3.18146  2.89801  2.37887  2.77519  2.98518  4.58477  3.61503
          0.01345  4.71147  5.43382  0.61958  0.77255  0.48576  0.95510
    113   2.85238  5.28844  3.06518  2.54240  4.62996  2.25700  2.66710  4.09173  1.71881  3.58451  4.34720  3.07910  4.00232  2.57169  2.91916  2.21305  3.08157  3.68159  5.72167  4.34317    118 k - - -
          2.68618  4.42225  2.77519  2.73123  3.46354  2.40513  3.72494  3.29354  2.67741  2.69355  4.24690  2.90347  2.73739  3.18146  2.89801  2.37887  2.77519  2.98518  4.58477  3.61503
          0.01345  4.71147  5.43382  0.61958  0.77255  0.48576  0.95510
    114   2.13523  4.32601  4.49728  3.93221  2.07809  3.96435  4.40671  2.55777  3.80001  2.50165  3.48004  4.06764  4.37891  4.00521  3.94668  3.28816  2.27375  1.45407  5.04090  3.84701    119 v - - -
          2.68618  4.42225  2.77519  2.73123  3.46354  2.40513  3.72494  3.29354  2.67741  2.69355  4.24690  2.90347  2.73739  3.18146  2.89801  2.37887  2.77519  2.98518  4.58477  3.61503
          0.01345  4.71147  5.43382  0.61958  0.77255  0.48576  0.95510
    115   3.55000  4.80695  5.52652  4.96579  3.58729  4.93314  5.34257  1.56898  4.82883  1.43340  1.87936  5.08115  5.13362  4.88539  4.85828  4.29900  3.78048  1.48427  5.60166  4.52155    120 l - - -
          2.68618  4.42225  2.77519  2.73123  3.46354  2.40513  3.72494  3.29354  2.67741  2.69355  4.24690  2.90347  2.73739  3.18146  2.89801  2.37887  2.77519  2.98518  4.58477  3.61503
          0.01345  4.71147  5.43382  0.61958  0.77255  0.48576  0.95510
    116   2.18527  5.27380  3.01987  2.04632  4.60944  3.55758  2.51849  4.08517  2.05575  3.57224  4.31962  3.02939  3.95637  2.43235  2.95985  2.29281  3.02547  3.65995  5.70922  4.30882    121 e - - -
          2.68618  4.42225  2.77519  2.73123  3.46354  2.40513  3.72494  3.29354  2.67741  2.69355  4.24690  2.90347  2.73739  3.18146  2.89801  2.37887  2.77519  2.98518  4.58477  3.61503
          0.01345  4.71147  5.43382  0.61958  0.77255  0.48576  0.95510
    117   2.84405  5.19442  3.02493  1.74649  4.39662  3.59255  2.62300  3.92992  2.59193  3.47304  4.26246  3.08783  4.00927  2.94661  3.06613  1.80858  3.07910  3.55868  5.61428  2.87566    122 e - - -
          2.68618  4.42225  2.77519  2.73123  3.46354  2.40513  3.72494  3.29354  2.67741  2.69355  4.24690  2.90347  2.73739  3.18146  2.89801  2.37887  2.77519  2.98518  4.58477  3.61503
          0.01345  4.71147  5.43382  0.61958  0.77255  0.48576  0.95510
    118   2.94674  4.91123  3.54786  2.93481  4.12834  3.79379  3.92406  3.46416  1.64618  3.11717  2.73359  3.38694  4.16619  3.11871  2.06459  3.04549  3.16176  1.99462  5.41038  4.16058    123 k - - -
          2.68618  4.42225  2.77519  2.73123  3.46354  2.40513  3.72494  3.29354  2.67741  2.69355  4.24690  2.90347  2.73739  3.18146  2.89801  2.37887  2.77519  2.98518  4.58477  3.61503
          0.01345  4.71147  5.43382  0.61958  0.77255  0.48576  0.95510
    119   2.08029  4.58209  3.56129  2.99637  3.73718  3.73559  2.24154  2.34221  2.35811  2.79759  3.68498  3.42824  4.11910  3.26584  3.29893  2.97670  3.02212  2.23915  5.15869  3.91139    124 a - - -
          2.68618  4.42225  2.77519  2.73123  3.46354  2.40513  3.72494  3.29354  2.67741  2.69355  4.24690  2.90347  2.73739  3.18146  2.89801  2.37887  2.77519  2.98518  4.58477  3.61503
          0.01345  4.71147  5.43382  0.61958  0.77255  0.48576  0.95510
    120   1.50289  4.61461  4.01354  3.75785  4.98965  1.26702  4.83079  4.44174  3.85785  4.10537  4.89668  3.83315  1.67004  4.10354  4.15951  2.83986  3.17766  3.77297  6.30329  5.12260    125 g - - -
          2.68618  4.42225  2.77519  2.73123  3.46354  2.40513  3.72494  3.29354  2.67741  2.69355  4.24690  2.90347  2.73739  3.18146  2.89801  2.37887  2.77519  2.98518  4.58477  3.61503
          0.01345  4.71147  5.43382  0.61958  0.77255  0.48576  0.95510
    121   1.99571  4.88243  3.24888  2.70969  4.17788  2.10075  2.77629  3.58692  2.70451  2.68987  4.03651  3.20545  2.90855  3.04992  3.15330  2.53731  3.01979  3.26685  5.47325  4.15758    126 a - - -
          2.68618  4.42225  2.77519  2.73123  3.46354  2.40513  3.72494  3.29354  2.67741  2.69355  4.24690  2.90347  2.73739  3.18146  2.89801  2.37887  2.77519  2.98518  4.58477  3.61503
          0.01345  4.71147  5.43382  0.61958  0.77255  0.48576  0.95510
    122   2.85946  5.36636  1.91380  2.21761  4.70086  3.55989  3.80032  4.18608  1.72961  3.66700  4.41816  3.02654  2.89148  2.90725  3.06309  2.81363  2.43827  3.75288  5.80242  4.38487    127 k - - -
          2.68618  4.42225  2.77519  2.73123  3.46354  2.40513  3.72494  3.29354  2.67741  2.69355  4.24690  2.90347  2.73739  3.18146  2.89801  2.37887  2.77519  2.98518  4.58477  3.61503
          0.01345  4.71147  5.43382  0.61958  0.77255  0.48576  0.95510
    123   2.05667  4.35301  2.78564  3.42683  2.07644  3.84836  4.11510  2.80953  3.34451  2.53352  2.47524  3.72521  4.22209  3.60086  3.60338  3.11992  3.02863  2.61010  2.84426  3.67017    128 a - - -
          2.68618  4.42225  2.77519  2.73123  3.46354  2.40513  3.72494  3.29354  2.67741  2.69355  4.24690  2.90347  2.73739  3.18146  2.89801  2.37887  2.77519  2.98518  4.58477  3.61503
          0.01345  4.71147  5.43382  0.61958  0.77255  0.48576  0.95510
    124   2.78310  4.80530  3.35424  2.92999  2.67317  1.47815  4.09780  3.70355  2.99900  3.34768  4.18950  2.29744  4.09345  3.31315  3.42551  2.12592  3.10784  3.35312  5.57575  4.25290    129 g - - -
          2.68618  4.42225  2.77519  2.73123  3.46354  2.40513  3.72494  3.29354  2.67741  2.69355  4.24690  2.90347  2.73739  3.18146  2.89801  2.37887  2.77519  2.98518  4.58477  3.61503
          0.01345  4.71147  5.43382  0.61958  0.77255  0.48576  0.95510
    125   0.94088  5.06591  3.06141  2.00988  4.77432  2.63308  4.22159  4.20642  3.12322  3.81218  4.63316  3.31483  4.15006  3.40051  3.58533  2.97387  3.28061  3.75952  6.02390  4.68270    130 a - - -
          2.68618  4.42225  2.77519  2.73123  3.46354  2.40513  3.72494  3.29354  2.67741  2.69355  4.24690  2.90347  2.73739  3.18146  2.89801  2.37887  2.77519  2.98518  4.58477  3.61503
          0.08546  4.71147  2.61843  0.61958  0.77255  0.48576  0.95510
    126   2.12652  5.66107  1.34942  1.83754  4.99655  2.40573  3.99469  4.50556  2.91622  3.98829  4.78650  3.01705  4.10815  3.13501  3.47962  3.02261  3.37984  4.06220  6.13913  4.66278    131 d - - -
          2.68618  4.42225  2.77519  2.73123  3.46354  2.40513  3.72494  3.29354  2.67741  2.69355  4.24690  2.90347  2.73739  3.18146  2.89801  2.37887  2.77519  2.98518  4.58477  3.61503
          0.11875  4.64046  2.27971  0.61958  0.77255  0.62104  0.77086
    127   1.06500  4.44198  3.89924  3.45535  3.96963  3.48249  4.34937  3.21676  3.38979  2.01921  3.93989  3.67316  4.10310  3.69725  3.68166  2.40165  3.03395  2.92903  5.43822  4.21662    132 a - - -
          2.68618  4.42225  2.77519  2.73123  3.46354  2.40513  3.72494  3.29354  2.67741  2.69355  4.24690  2.90347  2.73739  3.18146  2.89801  2.37887  2.77519  2.98518  4.58477  3.61503
          0.01602  4.53773  5.26008  0.61958  0.77255  0.56476  0.84048
    128   2.93518  5.42116  2.91417  2.03031  4.77554  3.58757  3.80821  4.24556  1.94325  3.70798  4.47661  2.24786  4.02634  1.64563  2.92081  2.88301  3.16554  3.82071  5.82106  4.43273    133 q - - -
          2.68618  4.42225  2.77519  2.73123  3.46354  2.40513  3.72494  3.29354  2.67741  2.69355  4.24690  2.90347  2.73739  3.18146  2.89801  2.37887  2.77519  2.98518  4.58477  3.61503
          0.01480  4.61613  5.33848  0.61958  0.77255  0.38972  1.13086
    129   1.61251  5.01843  2.25264  2.72089  4.63842  2.30387  3.99532  4.09712  2.80564  3.65081  4.42662  3.20983  4.02814  3.13164  3.28051  2.11542  2.53049  3.64455  5.83232  4.47345    134 a - - -
          2.68618  4.42225  2.77519  2.73123  3.46354  2.40513  3.72494  3.29354  2.67741  2.69355  4.24690  2.90347  2.73739  3.18146  2.89801  2.37887  2.77519  2.98518  4.58477  3.61503
          0.01345  4.71147  5.43382  0.61958  0.77255  0.48576  0.95510
    130   0.28187  4.85572  4.56478  4.48115  5.13838  3.64611  5.35910  4.42572  4.52696  4.25210  5.23010  4.34241  4.46232  4.78475  4.65532  3.22267  3.55854  3.90108  6.44962  5.39493    135 A - - -
          2.68618  4.42225  2.77519  2.73123  3.46354  2.40513  3.72494  3.29354  2.67741  2.69355  4.24690  2.90347  2.73739  3.18146  2.89801  2.37887  2.77519  2.98518  4.58477  3.61503
          0.01345  4.71147  5.43382  0.61958  0.77255  0.48576  0.95510
    131   3.47198  4.82807  5.06988  4.50787  3.13491  4.60438  4.64137  2.77067  4.26834  1.71285  1.76257  4.61258  4.87050  4.41648  4.34575  3.93893  3.69448  2.85078  1.27661  3.56992    136 w - - -
          2.68618  4.42225  2.77519  2.73123  3.46354  2.40513  3.72494  3.29354  2.67741  2.69355  4.24690  2.90347  2.73739  3.18146  2.89801  2.37887  2.77519  2.98518  4.58477  3.61503
          0.01345  4.71147  5.43382  0.61958  0.77255  0.48576  0.95510
    132   2.22494  5.17795  3.07248  2.52263  4.50653  2.71386  3.76617  3.96421  2.10684  3.48656  4.25125  2.68695  3.96229  2.87822  2.58057  2.62295  1.99211  3.56574  5.65250  4.27140    137 t - - -
          2.68618  4.42225  2.77519  2.73123  3.46354  2.40513  3.72494  3.29354  2.67741  2.69355  4.24690  2.90347  2.73739  3.18146  2.89801  2.37887  2.77519  2.98518  4.58477  3.61503
          0.01345  4.71147  5.43382  0.61958  0.77255  0.48576  0.95510
    133   1.87769  4.97729  3.25030  2.70865  4.24937  3.64502  3.86623  2.57063  1.60543  3.25761  4.08716  2.68086  4.05096  3.02571  3.02988  2.88052  3.06975  3.31099  5.50895  4.19555    138 k - - -
          2.68618  4.42225  2.77519  2.73123  3.46354  2.40513  3.72494  3.29354  2.67741  2.69355  4.24690  2.90347  2.73739  3.18146  2.89801  2.37887  2.77519  2.98518  4.58477  3.61503
          0.01345  4.71147  5.43382  0.61958  0.77255  0.48576  0.95510
    134   1.18199  4.46753  4.18779  3.65503  3.76021  3.82090  4.41754  2.75552  3.56908  2.17064  3.71075  3.89522  4.31753  3.84125  3.83354  3.16005  2.32409  2.16703  5.29786  4.09491    139 a - - -
          2.68618  4.42225  2.77519  2.73123  3.46354  2.40513  3.72494  3.29354  2.67741  2.69355  4.24690  2.90347  2.73739  3.18146  2.89801  2.37887  2.77519  2.98518  4.58477  3.61503
          0.01345  4.71147  5.43382  0.61958  0.77255  0.48576  0.95510
    135   3.41517  4.74039  5.14485  4.59841  2.24538  4.55576  4.48869  2.81194  4.42018  1.12886  2.57260  4.58946  4.83080  4.45612  4.43276  3.88392  3.63580  2.84857  4.74627  1.67218    140 l - - -
          2.68618  4.42225  2.77519  2.73123  3.46354  2.40513  3.72494  3.29354  2.67741  2.69355  4.24690  2.90347  2.73739  3.18146  2.89801  2.37887  2.77519  2.98518  4.58477  3.61503
          0.01345  4.71147  5.43382  0.61958  0.77255  0.48576  0.95510
    136   2.17131  5.68067  1.62966  1.57560  5.01580  2.14842  4.01293  4.52511  2.91857  4.00372  4.79518  3.05186  4.13410  3.14915  3.47633  3.04012  3.39137  4.07970  6.15030  4.67736    141 e - - -
          2.68618  4.42225  2.77519  2.73123  3.46354  2.40513  3.72494  3.29354  2.67741  2.69355  4.24690  2.90347  2.73739  3.18146  2.89801  2.37887  2.77519  2.98518  4.58477  3.61503
          0.01345  4.71147  5.43382  0.61958  0.77255  0.48576  0.95510
    137   2.79710  4.84195  2.43830  2.18579  4.03978  3.65025  3.87998  2.81218  2.73464  1.79084  3.92197  3.22528  4.04642  3.07061  3.17742  2.87880  2.42731  3.11790  5.38070  4.07880    142 l - - -
          2.68618  4.42225  2.77519  2.73123  3.46354  2.40513  3.72494  3.29354  2.67741  2.69355  4.24690  2.90347  2.73739  3.18146  2.89801  2.37887  2.77519  2.98518  4.58477  3.61503
          0.01345  4.71147  5.43382  0.61958  0.77255  0.48576  0.95510
    138   3.71895  4.97033  5.60332  5.04792  1.41532  5.03416  5.20289  1.32575  4.89687  1.44071  3.26661  5.14406  5.18718  4.86624  4.88548  4.40126  3.93695  2.56995  5.35638  4.12554    143 i - - -
          2.68618  4.42225  2.77519  2.73123  3.46354  2.40513  3.72494  3.29354  2.67741  2.69355  4.24690  2.90347  2.73739  3.18146  2.89801  2.37887  2.77519  2.98518  4.58477  3.61503
          0.01345  4.71147  5.43382  0.61958  0.77255  0.48576  0.95510
    139   2.19320  4.45295  3.75339  3.18484  2.66159  3.77360  4.05013  2.13620  3.11460  2.66510  3.56761  3.56059  4.15952  3.41689  2.10488  2.30768  3.01575  2.71885  5.04973  3.82311    144 r - - -
          2.68618  4.42225  2.77519  2.73123  3.46354  2.40513  3.72494  3.29354  2.67741  2.69355  4.24690  2.90347  2.73739  3.18146  2.89801  2.37887  2.77519  2.98518  4.58477  3.61503
          0.01345  4.71147  5.43382  0.61958  0.77255  0.48576  0.95510
    140   2.44609  5.18080  2.48770  2.51977  4.47979  2.16319  3.78755  2.72540  2.30995  3.47059  4.24612  2.22263  3.97687  2.90721  3.04422  2.78878  3.03748  3.54816  5.65328  4.27210    145 g - - -
          2.68618  4.42225  2.77519  2.73123  3.46354  2.40513  3.72494  3.29354  2.67741  2.69355  4.24690  2.90347  2.73739  3.18146  2.89801  2.37887  2.77519  2.98518  4.58477  3.61503
          0.01345  4.71147  5.43382  0.61958  0.77255  0.48576  0.95510
    141   1.88897  4.73746  1.86557  2.88328  3.95887  3.69486  3.98774  3.18094  2.88799  2.96698  2.74005  3.35225  4.10959  3.21348  3.30798  2.94650  3.06115  2.26063  5.35666  4.07865    146 d - - -
          2.68618  4.42225  2.77519  2.73123  3.46354  2.40513  3.72494  3.29354  2.67741  2.69355  4.24690  2.90347  2.73739  3.18146  2.89801  2.37887  2.77519  2.98518  4.58477  3.61503
          0.01345  4.71147  5.43382  0.61958  0.77255  0.48576  0.95510
    142   3.86893  5.08702  5.80433  5.23438  3.46288  5.27581  5.61291  1.16896  5.09933  1.01684  2.23167  5.42250  5.34021  5.02235  5.07664  4.66460  4.08095  2.55632  5.66544  4.68740    147 l - - -
          2.68618  4.42225  2.77519  2.73123  3.46354  2.40513  3.72494  3.29354  2.67741  2.69355  4.24690  2.90347  2.73739  3.18146  2.89801  2.37887  2.77519  2.98518  4.58477  3.61503
          0.01345  4.71147  5.43382  0.61958  0.77255  0.48576  0.95510
    143   1.92031  4.70583  3.39582  2.46598  2.80532  3.68458  3.91172  2.43715  1.94928  2.92930  3.79739  3.30943  4.07080  3.14265  3.21228  2.91160  3.01504  2.98671  5.25928  3.98524    148 a - - -
          2.68618  4.42225  2.77519  2.73123  3.46354  2.40513  3.72494  3.29354  2.67741  2.69355  4.24690  2.90347  2.73739  3.18146  2.89801  2.37887  2.77519  2.98518  4.58477  3.61503
          0.01345  4.71147  5.43382  0.61958  0.77255  0.48576  0.95510
    144   1.46762  4.90763  3.37967  2.92833  4.60617  3.52591  4.11376  4.03126  2.08958  3.62646  4.43041  3.35972  4.08698  3.27553  3.27942  1.48268  3.13409  3.59435  5.82822  4.52384    149 a - - -
          2.68618  4.42225  2.77519  2.73123  3.46354  2.40513  3.72494  3.29354  2.67741  2.69355  4.24690  2.90347  2.73739  3.18146  2.89801  2.37887  2.77519  2.98518  4.58477  3.61503
          0.01345  4.71147  5.43382  0.61958  0.77255  0.48576  0.95510
    145   2.36044  5.34057  2.95036  2.02568  4.68224  2.53555  3.79945  4.16023  1.61366  3.64553  4.40038  2.44881  3.99482  2.90723  3.02669  2.81703  3.09360  3.73318  5.78220  4.37621    150 k - - -
          2.68618  4.42225  2.77519  2.73123  3.46354  2.40513  3.72494  3.29354  2.67741  2.69355  4.24690  2.90347  2.73739  3.18146  2.89801  2.37887  2.77519  2.98518  4.58477  3.61503
          0.01345  4.71147  5.43382  0.61958  0.77255  0.48576  0.95510
    146   2.87605  4.34772  4.31973  3.74576  3.27415  2.79922  4.21540  2.74570  3.60692  1.91809  1.99032  3.94202  4.33396  3.83272  3.78145  3.26037  3.10997  2.57839  4.83451  1.82234    151 y - - -
          2.68618  4.42225  2.77519  2.73123  3.46354  2.40513  3.72494  3.29354  2.67741  2.69355  4.24690  2.90347  2.73739  3.18146  2.89801  2.37887  2.77519  2.98518  4.58477  3.61503
          0.12423  4.71147  2.22721  0.61958  0.77255  0.48576  0.95510
    147   2.31961  5.32584  2.22031  2.45781  4.66509  3.53686  3.76958  4.14165  1.56898  3.62472  4.38350  3.00745  3.96753  2.19474  2.98235  2.79810  3.07691  3.71641  5.75891  4.35455    152 k - - -
          2.68618  4.42225  2.77519  2.73123  3.46354  2.40513  3.72494  3.29354  2.67741  2.69355  4.24690  2.90347  2.73739  3.18146  2.89801  2.37887  2.77519  2.98518  4.58477  3.61503
          0.12367  4.60225  2.24151  0.61958  0.77255  0.68348  0.70291
    148   3.09623  5.68358  1.78943  1.23566  5.00049  3.47542  3.95146  4.52121  2.90389  3.99624  4.80640  2.93436  4.05618  3.09788  3.48212  2.00189  3.37157  4.07383  6.14372  4.64787    153 e - - -
          2.68618  4.42225  2.77519  2.73123  3.46354  2.40513  3.72494  3.29354  2.67741  2.69355  4.24690  2.90347  2.73739  3.18146  2.89801  2.37887  2.77519  2.98518  4.58477  3.61503
          0.18931  4.49531  1.82445  0.61958  0.77255  0.82990  0.57287
    149   2.01415  4.43221  4.37957  3.83302  2.61164  4.05332  4.39149  2.45698  3.71762  1.19710  3.19951  4.05853  4.41297  3.92485  3.90472  3.37507  3.21172  2.40768  4.97047  3.74000    154 l - - -
          2.68618  4.42225  2.77519  2.73123  3.46354  2.40513  3.72494  3.29354  2.67741  2.69355  4.24690  2.90347  2.73739  3.18146  2.89801  2.37887  2.77519  2.98518  4.58477  3.61503
          0.01984  4.32584  5.04818  0.61958  0.77255  1.00225  0.45737
    150   1.49901  4.36368  3.71797  3.54094  4.69922  1.00348  4.62155  4.09876  3.67893  3.82306  4.65354  3.60484  3.91655  3.92632  3.94670  2.62037  2.95788  3.47802  6.02444  4.86038    155 g - - -
          2.68642  4.42249  2.77543  2.73147  3.46124  2.40457  3.72479  3.29378  2.67765  2.69379  4.24714  2.90371  2.73763  3.18052  2.89825  2.37888  2.77543  2.98542  4.58501  3.61491
          0.58073  0.81982        *  0.94373  0.49294  0.00000        *
//
